<?xml version="1.0" encoding="UTF-8"?>
<!-- Generated by org.testng.reporters.JUnitReportReporter -->
<testsuite hostname="LAPTOP-TQLDG17K" failures="0" tests="6" name="com.qa.tests.TestBase" time="16.582" errors="0" timestamp="2020-09-08T18:56:25 IST" skipped="0">
  <testcase classname="com.qa.tests.TestBase" name="verifyValidationMessage" time="1.023"/>
  <system-out/>
  <testcase classname="com.qa.tests.TestBase" name="verifyLogin" time="3.381"/>
  <system-out/>
  <testcase classname="com.qa.tests.TestBase" name="verifyLogPromiseLink" time="1.420"/>
  <system-out/>
  <testcase classname="com.qa.tests.TestBase" name="addPromiseTest" time="4.877"/>
  <system-out/>
  <testcase classname="com.qa.tests.TestBase" name="verifyPromiseAddedTest" time="4.989"/>
  <system-out/>
  <testcase classname="com.qa.tests.TestBase" name="verifylogout" time="0.892"/>
  <system-out/>
</testsuite> <!-- com.qa.tests.TestBase -->
