<?xml version="1.0" encoding="UTF-8"?>
<!-- Generated by org.testng.reporters.JUnitReportReporter -->
<testsuite hostname="LAPTOP-TQLDG17K" failures="0" tests="2" name="com.qa.tests.Demotest" time="0.010" errors="0" timestamp="8 Sep 2020 06:16:25 GMT">
  <testcase classname="com.qa.tests.Demotest" name="sum2" time="0.000"/>
  <testcase classname="com.qa.tests.Demotest" name="sum" time="0.010"/>
</testsuite> <!-- com.qa.tests.Demotest -->
